<?xml version="1.0" encoding="UTF-8"?>
<robot generator="Robot 4.1.1 (Python 3.7.5 on darwin)" generated="20210909 09:03:03.600" rpa="false" schemaversion="2">
<suite id="s1" name="Robot Scratchpad" source="/Users/cmin/.vscode/extensions/robocorp.robotframework-lsp-0.22.0/src/robotframework_ls/vendored/robotframework_interactive/robot_scratchpad.robot">
<test id="s1-t1" name="Default Task/Test">
<kw name="Interpreter Main Loop" library="MainLoop">
<kw name="Select Radio Button">
<arg>body</arg>
<arg>${row}[Body]</arg>
<msg timestamp="20210909 09:03:17.478" level="FAIL">No keyword with name 'Select Radio Button' found.</msg>
<status status="FAIL" starttime="20210909 09:03:17.478" endtime="20210909 09:03:17.478"/>
</kw>
<kw name="Log ${csv_url} console=True">
<msg timestamp="20210909 09:12:21.504" level="FAIL">No keyword with name 'Log ${csv_url} console=True' found.</msg>
<status status="FAIL" starttime="20210909 09:12:21.504" endtime="20210909 09:12:21.504"/>
</kw>
<kw name="Log" library="BuiltIn">
<arg>${csv_url} console=True</arg>
<doc>Logs the given message with the given level.</doc>
<msg timestamp="20210909 09:12:28.969" level="FAIL">Variable '${csv_url}' not found.</msg>
<status status="FAIL" starttime="20210909 09:12:28.966" endtime="20210909 09:12:28.969"/>
</kw>
<kw name="Log" library="BuiltIn">
<arg>${csv_url} console=True</arg>
<doc>Logs the given message with the given level.</doc>
<status status="PASS" starttime="20210909 09:12:37.148" endtime="20210909 09:12:37.149"/>
</kw>
<kw name="Log" library="BuiltIn">
<arg>${csv_url} console=True</arg>
<doc>Logs the given message with the given level.</doc>
<status status="PASS" starttime="20210909 09:12:49.201" endtime="20210909 09:12:49.202"/>
</kw>
<kw name="Select Radio Button" library="RPA.Browser.Selenium">
<arg>body</arg>
<arg>${row}[Body]</arg>
<doc>Sets the radio button group ``group_name`` to ``value``.</doc>
<msg timestamp="20210909 09:13:14.947" level="FAIL">Variable '${row}' not found.</msg>
<status status="FAIL" starttime="20210909 09:13:14.945" endtime="20210909 09:13:14.947"/>
</kw>
<kw name="Select Radio Button" library="RPA.Browser.Selenium">
<arg>body</arg>
<arg>1</arg>
<doc>Sets the radio button group ``group_name`` to ``value``.</doc>
<kw name="Capture Page Screenshot" library="RPA.Browser.Selenium">
<doc>Takes a screenshot of the current page and embeds it into a log file.</doc>
<status status="PASS" starttime="20210909 09:13:55.112" endtime="20210909 09:13:55.112"/>
</kw>
<msg timestamp="20210909 09:13:55.116" level="FAIL">No browser is open.</msg>
<status status="FAIL" starttime="20210909 09:13:55.110" endtime="20210909 09:13:55.116"/>
</kw>
<kw name="Attach Chrome Browser" library="RPA.Browser.Selenium">
<arg>58796</arg>
<doc>Attach to an existing instance of Chrome or Chromium.</doc>
<kw name="Capture Page Screenshot" library="RPA.Browser.Selenium">
<doc>Takes a screenshot of the current page and embeds it into a log file.</doc>
<status status="PASS" starttime="20210909 09:19:32.413" endtime="20210909 09:19:32.415"/>
</kw>
<msg timestamp="20210909 09:19:32.419" level="FAIL">WebDriverException: Message: unknown error: cannot connect to chrome at localhost:58796
from chrome not reachable
</msg>
<status status="FAIL" starttime="20210909 09:16:48.557" endtime="20210909 09:19:32.419"/>
</kw>
<kw name="Select Radio Button" library="RPA.Browser.Selenium">
<arg>body</arg>
<arg>1</arg>
<doc>Sets the radio button group ``group_name`` to ``value``.</doc>
<kw name="Capture Page Screenshot" library="RPA.Browser.Selenium">
<doc>Takes a screenshot of the current page and embeds it into a log file.</doc>
<status status="PASS" starttime="20210909 09:19:32.439" endtime="20210909 09:19:32.439"/>
</kw>
<msg timestamp="20210909 09:19:32.440" level="FAIL">No browser is open.</msg>
<status status="FAIL" starttime="20210909 09:19:32.438" endtime="20210909 09:19:32.440"/>
</kw>
<status status="PASS" starttime="20210909 09:03:03.623" endtime="20210909 09:19:32.453"/>
</kw>
<status status="PASS" starttime="20210909 09:03:03.623" endtime="20210909 09:19:32.453"/>
</test>
<status status="PASS" starttime="20210909 09:03:03.601" endtime="20210909 09:19:32.455"/>
</suite>
<statistics>
<total>
<stat pass="1" fail="0" skip="0">All Tests</stat>
</total>
<tag>
</tag>
<suite>
<stat pass="1" fail="0" skip="0" id="s1" name="Robot Scratchpad">Robot Scratchpad</stat>
</suite>
</statistics>
<errors>
</errors>
</robot>
